<?xml version="1.0" encoding="UTF-8"?>
<!-- Generated by org.testng.reporters.JUnitReportReporter -->
<testsuite hostname="DESKTOP-SBJ8DN3" failures="0" tests="6" name="com.aiite.excelRead.TestCases" time="14.443" errors="0" timestamp="2023-01-04T16:39:23 IST" skipped="0">
  <testcase classname="com.aiite.excelRead.TestCases" name="testCase" time="2.287"/>
  <system-out/>
  <testcase classname="com.aiite.excelRead.TestCases" name="testCase" time="2.192"/>
  <system-out/>
  <testcase classname="com.aiite.excelRead.TestCases" name="testCase" time="2.534"/>
  <system-out/>
  <testcase classname="com.aiite.excelRead.TestCases" name="testCase" time="1.519"/>
  <system-out/>
  <testcase classname="com.aiite.excelRead.TestCases" name="testCase" time="1.401"/>
  <system-out/>
  <testcase classname="com.aiite.excelRead.TestCases" name="testCase" time="4.510"/>
  <system-out/>
</testsuite> <!-- com.aiite.excelRead.TestCases -->
